#
# There is insufficient memory for the Java Runtime Environment to continue.
# Native memory allocation (malloc) failed to allocate 65552 bytes for Chunk::new
# Possible reasons:
#   The system is out of physical RAM or swap space
#   In 32 bit mode, the process size limit was hit
# Possible solutions:
#   Reduce memory load on the system
#   Increase physical memory or swap space
#   Check if swap backing store is full
#   Use 64 bit Java on a 64 bit OS
#   Decrease Java heap size (-Xmx/-Xms)
#   Decrease number of Java threads
#   Decrease Java thread stack sizes (-Xss)
#   Set larger code cache with -XX:ReservedCodeCacheSize=
# This output file may be truncated or incomplete.
#
#  Out of Memory Error (allocation.cpp:390), pid=31120, tid=0x0000000000007a38
#
# JRE version: OpenJDK Runtime Environment (8.0_161-b14) (build 1.8.0_161-1-redhat-b14)
# Java VM: OpenJDK 64-Bit Server VM (25.161-b14 mixed mode windows-amd64 compressed oops)
# Failed to write core dump. Minidumps are not enabled by default on client versions of Windows
#

---------------  T H R E A D  ---------------

Current thread (0x000000001b667a10):  JavaThread "C2 CompilerThread1" daemon [_thread_in_native, id=31288, stack(0x000000001cd50000,0x000000001ce50000)]

Stack: [0x000000001cd50000,0x000000001ce50000]
[error occurred during error reporting (printing stack bounds), id 0xc0000005]

Native frames: (J=compiled Java code, j=interpreted, Vv=VM code, C=native code)


Current CompileTask:
C2:1791880 5817       4       com.google.gson.stream.JsonWriter::string (169 bytes)


---------------  P R O C E S S  ---------------

Java Threads: ( => current thread )
  0x000000001e30f0b0 JavaThread "Bundle File Closer" daemon [_thread_blocked, id=24348, stack(0x0000000024ee0000,0x0000000024fe0000)]
  0x000000001e30fda0 JavaThread "Worker-2" [_thread_blocked, id=6780, stack(0x0000000022120000,0x0000000022220000)]
  0x000000001e30ec60 JavaThread "pool-1-thread-1" [_thread_in_native, id=19756, stack(0x0000000020850000,0x0000000020950000)]
  0x000000001e79cae0 JavaThread "pool-2-thread-1" [_thread_blocked, id=248, stack(0x0000000020550000,0x0000000020650000)]
  0x000000001e700a80 JavaThread "Worker-1" [_thread_blocked, id=10492, stack(0x0000000020450000,0x0000000020550000)]
  0x000000001e6fae30 JavaThread "Java indexing" daemon [_thread_blocked, id=29788, stack(0x0000000020350000,0x0000000020450000)]
  0x000000001d701de0 JavaThread "Worker-JM" [_thread_blocked, id=8064, stack(0x000000001f510000,0x000000001f610000)]
  0x000000001d8b1f40 JavaThread "Start Level: Equinox Container: 7c5b6de2-525a-4a7c-a365-1d1fa0fe162c" daemon [_thread_blocked, id=23820, stack(0x000000001f410000,0x000000001f510000)]
  0x000000001e617030 JavaThread "Framework Event Dispatcher: Equinox Container: 7c5b6de2-525a-4a7c-a365-1d1fa0fe162c" daemon [_thread_blocked, id=6760, stack(0x000000001f310000,0x000000001f410000)]
  0x000000001d544400 JavaThread "Active Thread: Equinox Container: 7c5b6de2-525a-4a7c-a365-1d1fa0fe162c" [_thread_blocked, id=21248, stack(0x000000001f210000,0x000000001f310000)]
  0x000000001b6810e0 JavaThread "Service Thread" daemon [_thread_blocked, id=11728, stack(0x000000001d050000,0x000000001d150000)]
  0x000000001b65a9d0 JavaThread "C1 CompilerThread3" daemon [_thread_blocked, id=13352, stack(0x000000001cf50000,0x000000001d050000)]
  0x000000001b655c10 JavaThread "C2 CompilerThread2" daemon [_thread_blocked, id=31320, stack(0x000000001ce50000,0x000000001cf50000)]
=>0x000000001b667a10 JavaThread "C2 CompilerThread1" daemon [_thread_in_native, id=31288, stack(0x000000001cd50000,0x000000001ce50000)]
  0x000000001b667470 JavaThread "C2 CompilerThread0" daemon [_thread_blocked, id=31540, stack(0x000000001cc50000,0x000000001cd50000)]
  0x000000001b664f00 JavaThread "Attach Listener" daemon [_thread_blocked, id=30648, stack(0x000000001cb50000,0x000000001cc50000)]
  0x000000001b6649a0 JavaThread "Signal Dispatcher" daemon [_thread_blocked, id=17076, stack(0x000000001ca50000,0x000000001cb50000)]
  0x000000001b6643c0 JavaThread "Surrogate Locker Thread (Concurrent GC)" daemon [_thread_blocked, id=21328, stack(0x000000001c950000,0x000000001ca50000)]
  0x000000001b63f2a0 JavaThread "Finalizer" daemon [_thread_blocked, id=24592, stack(0x000000001c540000,0x000000001c640000)]
  0x000000001b639410 JavaThread "Reference Handler" daemon [_thread_blocked, id=3896, stack(0x000000001c440000,0x000000001c540000)]
  0x000000000459dac0 JavaThread "main" [_thread_blocked, id=19688, stack(0x0000000004650000,0x0000000004750000)]

Other Threads:
  0x000000001b5f4ed0 VMThread [stack: 0x000000001c170000,0x000000001c270000] [id=19780]
  0x000000001abcec40 WatcherThread [stack: 0x000000001d150000,0x000000001d250000] [id=5892]

VM state:not at safepoint (normal execution)

VM Mutex/Monitor currently owned by a thread: None

Heap:
 garbage-first heap   total 262144K, used 128512K [0x00000000c0000000, 0x00000000c0100800, 0x0000000100000000)
  region size 1024K, 102 young (104448K), 20 survivors (20480K)
 Metaspace       used 47857K, capacity 50682K, committed 50816K, reserved 1093632K
  class space    used 4820K, capacity 5726K, committed 5760K, reserved 1048576K

Heap Regions: (Y=young(eden), SU=young(survivor), HS=humongous(starts), HC=humongous(continues), CS=collection set, F=free, TS=gc time stamp, PTAMS=previous top-at-mark-start, NTAMS=next top-at-mark-start)
AC   0  O    TS     0 PTAMS 0x00000000c0100000 NTAMS 0x00000000c0100000 space 1024K, 100% used [0x00000000c0000000, 0x00000000c0100000)
AC   0  O    TS     0 PTAMS 0x00000000c0200000 NTAMS 0x00000000c0200000 space 1024K, 100% used [0x00000000c0100000, 0x00000000c0200000)
AC   0  O    TS     0 PTAMS 0x00000000c0300000 NTAMS 0x00000000c0300000 space 1024K, 100% used [0x00000000c0200000, 0x00000000c0300000)
AC   0  O    TS     0 PTAMS 0x00000000c0400000 NTAMS 0x00000000c0400000 space 1024K, 100% used [0x00000000c0300000, 0x00000000c0400000)
AC   0  O    TS     0 PTAMS 0x00000000c0500000 NTAMS 0x00000000c0500000 space 1024K, 100% used [0x00000000c0400000, 0x00000000c0500000)
AC   0  O    TS     0 PTAMS 0x00000000c0600000 NTAMS 0x00000000c0600000 space 1024K, 100% used [0x00000000c0500000, 0x00000000c0600000)
AC   0  O    TS     0 PTAMS 0x00000000c0700000 NTAMS 0x00000000c0700000 space 1024K, 100% used [0x00000000c0600000, 0x00000000c0700000)
AC   0  O    TS     0 PTAMS 0x00000000c0800000 NTAMS 0x00000000c0800000 space 1024K, 100% used [0x00000000c0700000, 0x00000000c0800000)
AC   0  O    TS     0 PTAMS 0x00000000c0900000 NTAMS 0x00000000c0900000 space 1024K, 100% used [0x00000000c0800000, 0x00000000c0900000)
AC   0  O    TS     0 PTAMS 0x00000000c0a00000 NTAMS 0x00000000c0a00000 space 1024K, 100% used [0x00000000c0900000, 0x00000000c0a00000)
AC   0  O    TS     0 PTAMS 0x00000000c0b00000 NTAMS 0x00000000c0b00000 space 1024K, 100% used [0x00000000c0a00000, 0x00000000c0b00000)
AC   0  O    TS     0 PTAMS 0x00000000c0c00000 NTAMS 0x00000000c0c00000 space 1024K, 100% used [0x00000000c0b00000, 0x00000000c0c00000)
AC   0  O    TS     0 PTAMS 0x00000000c0d00000 NTAMS 0x00000000c0d00000 space 1024K, 100% used [0x00000000c0c00000, 0x00000000c0d00000)
AC   0  O    TS     0 PTAMS 0x00000000c0e00000 NTAMS 0x00000000c0e00000 space 1024K, 100% used [0x00000000c0d00000, 0x00000000c0e00000)
AC   0  O    TS     1 PTAMS 0x00000000c0e31a00 NTAMS 0x00000000c0e31a00 space 1024K, 100% used [0x00000000c0e00000, 0x00000000c0f00000)
AC   0 HS    TS     0 PTAMS 0x00000000c0f00000 NTAMS 0x00000000c0f00000 space 1024K,  50% used [0x00000000c0f00000, 0x00000000c1000000)
AC   0  O    TS     1 PTAMS 0x00000000c1000000 NTAMS 0x00000000c1000000 space 1024K, 100% used [0x00000000c1000000, 0x00000000c1100000)
AC   0  O    TS     1 PTAMS 0x00000000c1100000 NTAMS 0x00000000c1100000 space 1024K, 100% used [0x00000000c1100000, 0x00000000c1200000)
AC   0  O    TS     1 PTAMS 0x00000000c1200000 NTAMS 0x00000000c1200000 space 1024K, 100% used [0x00000000c1200000, 0x00000000c1300000)
AC   0  O    TS     1 PTAMS 0x00000000c1300000 NTAMS 0x00000000c1300000 space 1024K, 100% used [0x00000000c1300000, 0x00000000c1400000)
AC   0  O    TS     1 PTAMS 0x00000000c1400000 NTAMS 0x00000000c1400000 space 1024K, 100% used [0x00000000c1400000, 0x00000000c1500000)
AC   0  O    TS     1 PTAMS 0x00000000c1500000 NTAMS 0x00000000c1500000 space 1024K, 100% used [0x00000000c1500000, 0x00000000c1600000)
AC   0  O    TS     1 PTAMS 0x00000000c1600000 NTAMS 0x00000000c1600000 space 1024K, 100% used [0x00000000c1600000, 0x00000000c1700000)
AC   0  O    TS     1 PTAMS 0x00000000c1700000 NTAMS 0x00000000c1700000 space 1024K, 100% used [0x00000000c1700000, 0x00000000c1800000)
AC   0  O    TS     1 PTAMS 0x00000000c1800000 NTAMS 0x00000000c1800000 space 1024K, 100% used [0x00000000c1800000, 0x00000000c1900000)
AC   0  F    TS     0 PTAMS 0x00000000c1900000 NTAMS 0x00000000c1900000 space 1024K,   0% used [0x00000000c1900000, 0x00000000c1a00000)
AC   0  F    TS     0 PTAMS 0x00000000c1a00000 NTAMS 0x00000000c1a00000 space 1024K,   0% used [0x00000000c1a00000, 0x00000000c1b00000)
AC   0  F    TS     0 PTAMS 0x00000000c1b00000 NTAMS 0x00000000c1b00000 space 1024K,   0% used [0x00000000c1b00000, 0x00000000c1c00000)
AC   0  F    TS     0 PTAMS 0x00000000c1c00000 NTAMS 0x00000000c1c00000 space 1024K,   0% used [0x00000000c1c00000, 0x00000000c1d00000)
AC   0  F    TS     0 PTAMS 0x00000000c1d00000 NTAMS 0x00000000c1d00000 space 1024K,   0% used [0x00000000c1d00000, 0x00000000c1e00000)
AC   0  F    TS     0 PTAMS 0x00000000c1e00000 NTAMS 0x00000000c1e00000 space 1024K,   0% used [0x00000000c1e00000, 0x00000000c1f00000)
AC   0  F    TS     0 PTAMS 0x00000000c1f00000 NTAMS 0x00000000c1f00000 space 1024K,   0% used [0x00000000c1f00000, 0x00000000c2000000)
AC   0  F    TS     0 PTAMS 0x00000000c2000000 NTAMS 0x00000000c2000000 space 1024K,   0% used [0x00000000c2000000, 0x00000000c2100000)
AC   0  F    TS     0 PTAMS 0x00000000c2100000 NTAMS 0x00000000c2100000 space 1024K,   0% used [0x00000000c2100000, 0x00000000c2200000)
AC   0  F    TS     0 PTAMS 0x00000000c2200000 NTAMS 0x00000000c2200000 space 1024K,   0% used [0x00000000c2200000, 0x00000000c2300000)
AC   0  F    TS     0 PTAMS 0x00000000c2300000 NTAMS 0x00000000c2300000 space 1024K,   0% used [0x00000000c2300000, 0x00000000c2400000)
AC   0  F    TS     0 PTAMS 0x00000000c2400000 NTAMS 0x00000000c2400000 space 1024K,   0% used [0x00000000c2400000, 0x00000000c2500000)
AC   0  F    TS     0 PTAMS 0x00000000c2500000 NTAMS 0x00000000c2500000 space 1024K,   0% used [0x00000000c2500000, 0x00000000c2600000)
AC   0  F    TS     0 PTAMS 0x00000000c2600000 NTAMS 0x00000000c2600000 space 1024K,   0% used [0x00000000c2600000, 0x00000000c2700000)
AC   0  F    TS     0 PTAMS 0x00000000c2700000 NTAMS 0x00000000c2700000 space 1024K,   0% used [0x00000000c2700000, 0x00000000c2800000)
AC   0  F    TS     0 PTAMS 0x00000000c2800000 NTAMS 0x00000000c2800000 space 1024K,   0% used [0x00000000c2800000, 0x00000000c2900000)
AC   0  F    TS     0 PTAMS 0x00000000c2900000 NTAMS 0x00000000c2900000 space 1024K,   0% used [0x00000000c2900000, 0x00000000c2a00000)
AC   0  F    TS     0 PTAMS 0x00000000c2a00000 NTAMS 0x00000000c2a00000 space 1024K,   0% used [0x00000000c2a00000, 0x00000000c2b00000)
AC   0  F    TS     0 PTAMS 0x00000000c2b00000 NTAMS 0x00000000c2b00000 space 1024K,   0% used [0x00000000c2b00000, 0x00000000c2c00000)
AC   0  F    TS     0 PTAMS 0x00000000c2c00000 NTAMS 0x00000000c2c00000 space 1024K,   0% used [0x00000000c2c00000, 0x00000000c2d00000)
AC   0  F    TS     0 PTAMS 0x00000000c2d00000 NTAMS 0x00000000c2d00000 space 1024K,   0% used [0x00000000c2d00000, 0x00000000c2e00000)
AC   0  F    TS     0 PTAMS 0x00000000c2e00000 NTAMS 0x00000000c2e00000 space 1024K,   0% used [0x00000000c2e00000, 0x00000000c2f00000)
AC   0  F    TS     0 PTAMS 0x00000000c2f00000 NTAMS 0x00000000c2f00000 space 1024K,   0% used [0x00000000c2f00000, 0x00000000c3000000)
AC   0  F    TS     0 PTAMS 0x00000000c3000000 NTAMS 0x00000000c3000000 space 1024K,   0% used [0x00000000c3000000, 0x00000000c3100000)
AC   0  F    TS     0 PTAMS 0x00000000c3100000 NTAMS 0x00000000c3100000 space 1024K,   0% used [0x00000000c3100000, 0x00000000c3200000)
AC   0  F    TS     0 PTAMS 0x00000000c3200000 NTAMS 0x00000000c3200000 space 1024K,   0% used [0x00000000c3200000, 0x00000000c3300000)
AC   0  F    TS     0 PTAMS 0x00000000c3300000 NTAMS 0x00000000c3300000 space 1024K,   0% used [0x00000000c3300000, 0x00000000c3400000)
AC   0  F    TS     0 PTAMS 0x00000000c3400000 NTAMS 0x00000000c3400000 space 1024K,   0% used [0x00000000c3400000, 0x00000000c3500000)
AC   0  F    TS     0 PTAMS 0x00000000c3500000 NTAMS 0x00000000c3500000 space 1024K,   0% used [0x00000000c3500000, 0x00000000c3600000)
AC   0  F    TS     0 PTAMS 0x00000000c3600000 NTAMS 0x00000000c3600000 space 1024K,   0% used [0x00000000c3600000, 0x00000000c3700000)
AC   0  F    TS     0 PTAMS 0x00000000c3700000 NTAMS 0x00000000c3700000 space 1024K,   0% used [0x00000000c3700000, 0x00000000c3800000)
AC   0  F    TS     0 PTAMS 0x00000000c3800000 NTAMS 0x00000000c3800000 space 1024K,   0% used [0x00000000c3800000, 0x00000000c3900000)
AC   0  F    TS     0 PTAMS 0x00000000c3900000 NTAMS 0x00000000c3900000 space 1024K,   0% used [0x00000000c3900000, 0x00000000c3a00000)
AC   0  F    TS     0 PTAMS 0x00000000c3a00000 NTAMS 0x00000000c3a00000 space 1024K,   0% used [0x00000000c3a00000, 0x00000000c3b00000)
AC   0  F    TS     0 PTAMS 0x00000000c3b00000 NTAMS 0x00000000c3b00000 space 1024K,   0% used [0x00000000c3b00000, 0x00000000c3c00000)
AC   0  F    TS     0 PTAMS 0x00000000c3c00000 NTAMS 0x00000000c3c00000 space 1024K,   0% used [0x00000000c3c00000, 0x00000000c3d00000)
AC   0  F    TS     0 PTAMS 0x00000000c3d00000 NTAMS 0x00000000c3d00000 space 1024K,   0% used [0x00000000c3d00000, 0x00000000c3e00000)
AC   0  F    TS     0 PTAMS 0x00000000c3e00000 NTAMS 0x00000000c3e00000 space 1024K,   0% used [0x00000000c3e00000, 0x00000000c3f00000)
AC   0  F    TS     0 PTAMS 0x00000000c3f00000 NTAMS 0x00000000c3f00000 space 1024K,   0% used [0x00000000c3f00000, 0x00000000c4000000)
AC   0  F    TS     0 PTAMS 0x00000000c4000000 NTAMS 0x00000000c4000000 space 1024K,   0% used [0x00000000c4000000, 0x00000000c4100000)
AC   0  F    TS     0 PTAMS 0x00000000c4100000 NTAMS 0x00000000c4100000 space 1024K,   0% used [0x00000000c4100000, 0x00000000c4200000)
AC   0  F    TS     0 PTAMS 0x00000000c4200000 NTAMS 0x00000000c4200000 space 1024K,   0% used [0x00000000c4200000, 0x00000000c4300000)
AC   0  F    TS     0 PTAMS 0x00000000c4300000 NTAMS 0x00000000c4300000 space 1024K,   0% used [0x00000000c4300000, 0x00000000c4400000)
AC   0  F    TS     0 PTAMS 0x00000000c4400000 NTAMS 0x00000000c4400000 space 1024K,   0% used [0x00000000c4400000, 0x00000000c4500000)
AC   0  F    TS     0 PTAMS 0x00000000c4500000 NTAMS 0x00000000c4500000 space 1024K,   0% used [0x00000000c4500000, 0x00000000c4600000)
AC   0  F    TS     0 PTAMS 0x00000000c4600000 NTAMS 0x00000000c4600000 space 1024K,   0% used [0x00000000c4600000, 0x00000000c4700000)
AC   0  F    TS     0 PTAMS 0x00000000c4700000 NTAMS 0x00000000c4700000 space 1024K,   0% used [0x00000000c4700000, 0x00000000c4800000)
AC   0  F    TS     0 PTAMS 0x00000000c4800000 NTAMS 0x00000000c4800000 space 1024K,   0% used [0x00000000c4800000, 0x00000000c4900000)
AC   0  F    TS     0 PTAMS 0x00000000c4900000 NTAMS 0x00000000c4900000 space 1024K,   0% used [0x00000000c4900000, 0x00000000c4a00000)
AC   0  F    TS     0 PTAMS 0x00000000c4a00000 NTAMS 0x00000000c4a00000 space 1024K,   0% used [0x00000000c4a00000, 0x00000000c4b00000)
AC   0  F    TS     0 PTAMS 0x00000000c4b00000 NTAMS 0x00000000c4b00000 space 1024K,   0% used [0x00000000c4b00000, 0x00000000c4c00000)
AC   0  F    TS     0 PTAMS 0x00000000c4c00000 NTAMS 0x00000000c4c00000 space 1024K,   0% used [0x00000000c4c00000, 0x00000000c4d00000)
AC   0  F    TS     0 PTAMS 0x00000000c4d00000 NTAMS 0x00000000c4d00000 space 1024K,   0% used [0x00000000c4d00000, 0x00000000c4e00000)
AC   0  F    TS     0 PTAMS 0x00000000c4e00000 NTAMS 0x00000000c4e00000 space 1024K,   0% used [0x00000000c4e00000, 0x00000000c4f00000)
AC   0  F    TS     0 PTAMS 0x00000000c4f00000 NTAMS 0x00000000c4f00000 space 1024K,   0% used [0x00000000c4f00000, 0x00000000c5000000)
AC   0  F    TS     0 PTAMS 0x00000000c5000000 NTAMS 0x00000000c5000000 space 1024K,   0% used [0x00000000c5000000, 0x00000000c5100000)
AC   0  F    TS     0 PTAMS 0x00000000c5100000 NTAMS 0x00000000c5100000 space 1024K,   0% used [0x00000000c5100000, 0x00000000c5200000)
AC   0  F    TS     0 PTAMS 0x00000000c5200000 NTAMS 0x00000000c5200000 space 1024K,   0% used [0x00000000c5200000, 0x00000000c5300000)
AC   0  S CS TS     1 PTAMS 0x00000000c5300000 NTAMS 0x00000000c5300000 space 1024K, 100% used [0x00000000c5300000, 0x00000000c5400000)
AC   0  S CS TS     1 PTAMS 0x00000000c5400000 NTAMS 0x00000000c5400000 space 1024K, 100% used [0x00000000c5400000, 0x00000000c5500000)
AC   0  S CS TS     1 PTAMS 0x00000000c5500000 NTAMS 0x00000000c5500000 space 1024K, 100% used [0x00000000c5500000, 0x00000000c5600000)
AC   0  S CS TS     1 PTAMS 0x00000000c5600000 NTAMS 0x00000000c5600000 space 1024K, 100% used [0x00000000c5600000, 0x00000000c5700000)
AC   0  S CS TS     1 PTAMS 0x00000000c5700000 NTAMS 0x00000000c5700000 space 1024K, 100% used [0x00000000c5700000, 0x00000000c5800000)
AC   0  S CS TS     1 PTAMS 0x00000000c5800000 NTAMS 0x00000000c5800000 space 1024K, 100% used [0x00000000c5800000, 0x00000000c5900000)
AC   0  S CS TS     1 PTAMS 0x00000000c5900000 NTAMS 0x00000000c5900000 space 1024K, 100% used [0x00000000c5900000, 0x00000000c5a00000)
AC   0  S CS TS     1 PTAMS 0x00000000c5a00000 NTAMS 0x00000000c5a00000 space 1024K, 100% used [0x00000000c5a00000, 0x00000000c5b00000)
AC   0  S CS TS     1 PTAMS 0x00000000c5b00000 NTAMS 0x00000000c5b00000 space 1024K, 100% used [0x00000000c5b00000, 0x00000000c5c00000)
AC   0  S CS TS     1 PTAMS 0x00000000c5c00000 NTAMS 0x00000000c5c00000 space 1024K, 100% used [0x00000000c5c00000, 0x00000000c5d00000)
AC   0  S CS TS     1 PTAMS 0x00000000c5d00000 NTAMS 0x00000000c5d00000 space 1024K, 100% used [0x00000000c5d00000, 0x00000000c5e00000)
AC   0  S CS TS     1 PTAMS 0x00000000c5e00000 NTAMS 0x00000000c5e00000 space 1024K, 100% used [0x00000000c5e00000, 0x00000000c5f00000)
AC   0  S CS TS     1 PTAMS 0x00000000c5f00000 NTAMS 0x00000000c5f00000 space 1024K, 100% used [0x00000000c5f00000, 0x00000000c6000000)
AC   0  S CS TS     1 PTAMS 0x00000000c6000000 NTAMS 0x00000000c6000000 space 1024K, 100% used [0x00000000c6000000, 0x00000000c6100000)
AC   0  S CS TS     1 PTAMS 0x00000000c6100000 NTAMS 0x00000000c6100000 space 1024K, 100% used [0x00000000c6100000, 0x00000000c6200000)
AC   0  S CS TS     1 PTAMS 0x00000000c6200000 NTAMS 0x00000000c6200000 space 1024K, 100% used [0x00000000c6200000, 0x00000000c6300000)
AC   0  S CS TS     1 PTAMS 0x00000000c6300000 NTAMS 0x00000000c6300000 space 1024K, 100% used [0x00000000c6300000, 0x00000000c6400000)
AC   0  S CS TS     1 PTAMS 0x00000000c6400000 NTAMS 0x00000000c6400000 space 1024K, 100% used [0x00000000c6400000, 0x00000000c6500000)
AC   0  S CS TS     1 PTAMS 0x00000000c6500000 NTAMS 0x00000000c6500000 space 1024K, 100% used [0x00000000c6500000, 0x00000000c6600000)
AC   0  S CS TS     1 PTAMS 0x00000000c6600000 NTAMS 0x00000000c6600000 space 1024K, 100% used [0x00000000c6600000, 0x00000000c6700000)
AC   0  F    TS     0 PTAMS 0x00000000c6700000 NTAMS 0x00000000c6700000 space 1024K,   0% used [0x00000000c6700000, 0x00000000c6800000)
AC   0  F    TS     0 PTAMS 0x00000000c6800000 NTAMS 0x00000000c6800000 space 1024K,   0% used [0x00000000c6800000, 0x00000000c6900000)
AC   0  F    TS     0 PTAMS 0x00000000c6900000 NTAMS 0x00000000c6900000 space 1024K,   0% used [0x00000000c6900000, 0x00000000c6a00000)
AC   0  F    TS     0 PTAMS 0x00000000c6a00000 NTAMS 0x00000000c6a00000 space 1024K,   0% used [0x00000000c6a00000, 0x00000000c6b00000)
AC   0  F    TS     0 PTAMS 0x00000000c6b00000 NTAMS 0x00000000c6b00000 space 1024K,   0% used [0x00000000c6b00000, 0x00000000c6c00000)
AC   0  F    TS     0 PTAMS 0x00000000c6c00000 NTAMS 0x00000000c6c00000 space 1024K,   0% used [0x00000000c6c00000, 0x00000000c6d00000)
AC   0  F    TS     0 PTAMS 0x00000000c6d00000 NTAMS 0x00000000c6d00000 space 1024K,   0% used [0x00000000c6d00000, 0x00000000c6e00000)
AC   0  F    TS     0 PTAMS 0x00000000c6e00000 NTAMS 0x00000000c6e00000 space 1024K,   0% used [0x00000000c6e00000, 0x00000000c6f00000)
AC   0  F    TS     0 PTAMS 0x00000000c6f00000 NTAMS 0x00000000c6f00000 space 1024K,   0% used [0x00000000c6f00000, 0x00000000c7000000)
AC   0  F    TS     0 PTAMS 0x00000000c7000000 NTAMS 0x00000000c7000000 space 1024K,   0% used [0x00000000c7000000, 0x00000000c7100000)
AC   0  F    TS     0 PTAMS 0x00000000c7100000 NTAMS 0x00000000c7100000 space 1024K,   0% used [0x00000000c7100000, 0x00000000c7200000)
AC   0  F    TS     0 PTAMS 0x00000000c7200000 NTAMS 0x00000000c7200000 space 1024K,   0% used [0x00000000c7200000, 0x00000000c7300000)
AC   0  F    TS     0 PTAMS 0x00000000c7300000 NTAMS 0x00000000c7300000 space 1024K,   0% used [0x00000000c7300000, 0x00000000c7400000)
AC   0  F    TS     0 PTAMS 0x00000000c7400000 NTAMS 0x00000000c7400000 space 1024K,   0% used [0x00000000c7400000, 0x00000000c7500000)
AC   0  F    TS     0 PTAMS 0x00000000c7500000 NTAMS 0x00000000c7500000 space 1024K,   0% used [0x00000000c7500000, 0x00000000c7600000)
AC   0  F    TS     0 PTAMS 0x00000000c7600000 NTAMS 0x00000000c7600000 space 1024K,   0% used [0x00000000c7600000, 0x00000000c7700000)
AC   0  F    TS     0 PTAMS 0x00000000c7700000 NTAMS 0x00000000c7700000 space 1024K,   0% used [0x00000000c7700000, 0x00000000c7800000)
AC   0  F    TS     0 PTAMS 0x00000000c7800000 NTAMS 0x00000000c7800000 space 1024K,   0% used [0x00000000c7800000, 0x00000000c7900000)
AC   0  F    TS     0 PTAMS 0x00000000c7900000 NTAMS 0x00000000c7900000 space 1024K,   0% used [0x00000000c7900000, 0x00000000c7a00000)
AC   0  F    TS     0 PTAMS 0x00000000c7a00000 NTAMS 0x00000000c7a00000 space 1024K,   0% used [0x00000000c7a00000, 0x00000000c7b00000)
AC   0  F    TS     0 PTAMS 0x00000000c7b00000 NTAMS 0x00000000c7b00000 space 1024K,   0% used [0x00000000c7b00000, 0x00000000c7c00000)
AC   0  F    TS     0 PTAMS 0x00000000c7c00000 NTAMS 0x00000000c7c00000 space 1024K,   0% used [0x00000000c7c00000, 0x00000000c7d00000)
AC   0  F    TS     0 PTAMS 0x00000000c7d00000 NTAMS 0x00000000c7d00000 space 1024K,   0% used [0x00000000c7d00000, 0x00000000c7e00000)
AC   0  F    TS     0 PTAMS 0x00000000c7e00000 NTAMS 0x00000000c7e00000 space 1024K,   0% used [0x00000000c7e00000, 0x00000000c7f00000)
AC   0  F    TS     0 PTAMS 0x00000000c7f00000 NTAMS 0x00000000c7f00000 space 1024K,   0% used [0x00000000c7f00000, 0x00000000c8000000)
AC   0  F    TS     0 PTAMS 0x00000000c8000000 NTAMS 0x00000000c8000000 space 1024K,   0% used [0x00000000c8000000, 0x00000000c8100000)
AC   0  F    TS     0 PTAMS 0x00000000c8100000 NTAMS 0x00000000c8100000 space 1024K,   0% used [0x00000000c8100000, 0x00000000c8200000)
AC   0  F    TS     0 PTAMS 0x00000000c8200000 NTAMS 0x00000000c8200000 space 1024K,   0% used [0x00000000c8200000, 0x00000000c8300000)
AC   0  F    TS     0 PTAMS 0x00000000c8300000 NTAMS 0x00000000c8300000 space 1024K,   0% used [0x00000000c8300000, 0x00000000c8400000)
AC   0  F    TS     0 PTAMS 0x00000000c8400000 NTAMS 0x00000000c8400000 space 1024K,   0% used [0x00000000c8400000, 0x00000000c8500000)
AC   0  F    TS     0 PTAMS 0x00000000c8500000 NTAMS 0x00000000c8500000 space 1024K,   0% used [0x00000000c8500000, 0x00000000c8600000)
AC   0  F    TS     0 PTAMS 0x00000000c8600000 NTAMS 0x00000000c8600000 space 1024K,   0% used [0x00000000c8600000, 0x00000000c8700000)
AC   0  F    TS     0 PTAMS 0x00000000c8700000 NTAMS 0x00000000c8700000 space 1024K,   0% used [0x00000000c8700000, 0x00000000c8800000)
AC   0  F    TS     0 PTAMS 0x00000000c8800000 NTAMS 0x00000000c8800000 space 1024K,   0% used [0x00000000c8800000, 0x00000000c8900000)
AC   0  F    TS     0 PTAMS 0x00000000c8900000 NTAMS 0x00000000c8900000 space 1024K,   0% used [0x00000000c8900000, 0x00000000c8a00000)
AC   0  F    TS     0 PTAMS 0x00000000c8a00000 NTAMS 0x00000000c8a00000 space 1024K,   0% used [0x00000000c8a00000, 0x00000000c8b00000)
AC   0  F    TS     0 PTAMS 0x00000000c8b00000 NTAMS 0x00000000c8b00000 space 1024K,   0% used [0x00000000c8b00000, 0x00000000c8c00000)
AC   0  F    TS     0 PTAMS 0x00000000c8c00000 NTAMS 0x00000000c8c00000 space 1024K,   0% used [0x00000000c8c00000, 0x00000000c8d00000)
AC   0  F    TS     0 PTAMS 0x00000000c8d00000 NTAMS 0x00000000c8d00000 space 1024K,   0% used [0x00000000c8d00000, 0x00000000c8e00000)
AC   0  F    TS     0 PTAMS 0x00000000c8e00000 NTAMS 0x00000000c8e00000 space 1024K,   0% used [0x00000000c8e00000, 0x00000000c8f00000)
AC   0  F    TS     0 PTAMS 0x00000000c8f00000 NTAMS 0x00000000c8f00000 space 1024K,   0% used [0x00000000c8f00000, 0x00000000c9000000)
AC   0  F    TS     0 PTAMS 0x00000000c9000000 NTAMS 0x00000000c9000000 space 1024K,   0% used [0x00000000c9000000, 0x00000000c9100000)
AC   0  F    TS     0 PTAMS 0x00000000c9100000 NTAMS 0x00000000c9100000 space 1024K,   0% used [0x00000000c9100000, 0x00000000c9200000)
AC   0  F    TS     0 PTAMS 0x00000000c9200000 NTAMS 0x00000000c9200000 space 1024K,   0% used [0x00000000c9200000, 0x00000000c9300000)
AC   0  F    TS     0 PTAMS 0x00000000c9300000 NTAMS 0x00000000c9300000 space 1024K,   0% used [0x00000000c9300000, 0x00000000c9400000)
AC   0  F    TS     0 PTAMS 0x00000000c9400000 NTAMS 0x00000000c9400000 space 1024K,   0% used [0x00000000c9400000, 0x00000000c9500000)
AC   0  F    TS     0 PTAMS 0x00000000c9500000 NTAMS 0x00000000c9500000 space 1024K,   0% used [0x00000000c9500000, 0x00000000c9600000)
AC   0  F    TS     0 PTAMS 0x00000000c9600000 NTAMS 0x00000000c9600000 space 1024K,   0% used [0x00000000c9600000, 0x00000000c9700000)
AC   0  F    TS     0 PTAMS 0x00000000c9700000 NTAMS 0x00000000c9700000 space 1024K,   0% used [0x00000000c9700000, 0x00000000c9800000)
AC   0  F    TS     0 PTAMS 0x00000000c9800000 NTAMS 0x00000000c9800000 space 1024K,   0% used [0x00000000c9800000, 0x00000000c9900000)
AC   0  F    TS     0 PTAMS 0x00000000c9900000 NTAMS 0x00000000c9900000 space 1024K,   0% used [0x00000000c9900000, 0x00000000c9a00000)
AC   0  F    TS     0 PTAMS 0x00000000c9a00000 NTAMS 0x00000000c9a00000 space 1024K,   0% used [0x00000000c9a00000, 0x00000000c9b00000)
AC   0  F    TS     0 PTAMS 0x00000000c9b00000 NTAMS 0x00000000c9b00000 space 1024K,   0% used [0x00000000c9b00000, 0x00000000c9c00000)
AC   0  F    TS     0 PTAMS 0x00000000c9c00000 NTAMS 0x00000000c9c00000 space 1024K,   0% used [0x00000000c9c00000, 0x00000000c9d00000)
AC   0  F    TS     0 PTAMS 0x00000000c9d00000 NTAMS 0x00000000c9d00000 space 1024K,   0% used [0x00000000c9d00000, 0x00000000c9e00000)
AC   0  F    TS     0 PTAMS 0x00000000c9e00000 NTAMS 0x00000000c9e00000 space 1024K,   0% used [0x00000000c9e00000, 0x00000000c9f00000)
AC   0  F    TS     0 PTAMS 0x00000000c9f00000 NTAMS 0x00000000c9f00000 space 1024K,   0% used [0x00000000c9f00000, 0x00000000ca000000)
AC   0  F    TS     0 PTAMS 0x00000000ca000000 NTAMS 0x00000000ca000000 space 1024K,   0% used [0x00000000ca000000, 0x00000000ca100000)
AC   0  F    TS     0 PTAMS 0x00000000ca100000 NTAMS 0x00000000ca100000 space 1024K,   0% used [0x00000000ca100000, 0x00000000ca200000)
AC   0  F    TS     0 PTAMS 0x00000000ca200000 NTAMS 0x00000000ca200000 space 1024K,   0% used [0x00000000ca200000, 0x00000000ca300000)
AC   0  F    TS     0 PTAMS 0x00000000ca300000 NTAMS 0x00000000ca300000 space 1024K,   0% used [0x00000000ca300000, 0x00000000ca400000)
AC   0  F    TS     0 PTAMS 0x00000000ca400000 NTAMS 0x00000000ca400000 space 1024K,   0% used [0x00000000ca400000, 0x00000000ca500000)
AC   0  F    TS     0 PTAMS 0x00000000ca500000 NTAMS 0x00000000ca500000 space 1024K,   0% used [0x00000000ca500000, 0x00000000ca600000)
AC   0  F    TS     0 PTAMS 0x00000000ca600000 NTAMS 0x00000000ca600000 space 1024K,   0% used [0x00000000ca600000, 0x00000000ca700000)
AC   0  F    TS     0 PTAMS 0x00000000ca700000 NTAMS 0x00000000ca700000 space 1024K,   0% used [0x00000000ca700000, 0x00000000ca800000)
AC   0  F    TS     0 PTAMS 0x00000000ca800000 NTAMS 0x00000000ca800000 space 1024K,   0% used [0x00000000ca800000, 0x00000000ca900000)
AC   0  F    TS     0 PTAMS 0x00000000ca900000 NTAMS 0x00000000ca900000 space 1024K,   0% used [0x00000000ca900000, 0x00000000caa00000)
AC   0  F    TS     0 PTAMS 0x00000000caa00000 NTAMS 0x00000000caa00000 space 1024K,   0% used [0x00000000caa00000, 0x00000000cab00000)
AC   0  F    TS     0 PTAMS 0x00000000cab00000 NTAMS 0x00000000cab00000 space 1024K,   0% used [0x00000000cab00000, 0x00000000cac00000)
AC   0  F    TS     0 PTAMS 0x00000000cac00000 NTAMS 0x00000000cac00000 space 1024K,   0% used [0x00000000cac00000, 0x00000000cad00000)
AC   0  F    TS     0 PTAMS 0x00000000cad00000 NTAMS 0x00000000cad00000 space 1024K,   0% used [0x00000000cad00000, 0x00000000cae00000)
AC   0  E    TS     0 PTAMS 0x00000000cae00000 NTAMS 0x00000000cae00000 space 1024K,  88% used [0x00000000cae00000, 0x00000000caf00000)
AC   0  E CS TS     0 PTAMS 0x00000000caf00000 NTAMS 0x00000000caf00000 space 1024K, 100% used [0x00000000caf00000, 0x00000000cb000000)
AC   0  E CS TS     0 PTAMS 0x00000000cb000000 NTAMS 0x00000000cb000000 space 1024K, 100% used [0x00000000cb000000, 0x00000000cb100000)
AC   0  E CS TS     0 PTAMS 0x00000000cb100000 NTAMS 0x00000000cb100000 space 1024K, 100% used [0x00000000cb100000, 0x00000000cb200000)
AC   0  E CS TS     0 PTAMS 0x00000000cb200000 NTAMS 0x00000000cb200000 space 1024K, 100% used [0x00000000cb200000, 0x00000000cb300000)
AC   0  E CS TS     0 PTAMS 0x00000000cb300000 NTAMS 0x00000000cb300000 space 1024K, 100% used [0x00000000cb300000, 0x00000000cb400000)
AC   0  E CS TS     0 PTAMS 0x00000000cb400000 NTAMS 0x00000000cb400000 space 1024K, 100% used [0x00000000cb400000, 0x00000000cb500000)
AC   0  E CS TS     0 PTAMS 0x00000000cb500000 NTAMS 0x00000000cb500000 space 1024K, 100% used [0x00000000cb500000, 0x00000000cb600000)
AC   0  E CS TS     0 PTAMS 0x00000000cb600000 NTAMS 0x00000000cb600000 space 1024K, 100% used [0x00000000cb600000, 0x00000000cb700000)
AC   0  E CS TS     0 PTAMS 0x00000000cb700000 NTAMS 0x00000000cb700000 space 1024K, 100% used [0x00000000cb700000, 0x00000000cb800000)
AC   0  E CS TS     0 PTAMS 0x00000000cb800000 NTAMS 0x00000000cb800000 space 1024K, 100% used [0x00000000cb800000, 0x00000000cb900000)
AC   0  E CS TS     0 PTAMS 0x00000000cb900000 NTAMS 0x00000000cb900000 space 1024K, 100% used [0x00000000cb900000, 0x00000000cba00000)
AC   0  E CS TS     0 PTAMS 0x00000000cba00000 NTAMS 0x00000000cba00000 space 1024K, 100% used [0x00000000cba00000, 0x00000000cbb00000)
AC   0  E CS TS     0 PTAMS 0x00000000cbb00000 NTAMS 0x00000000cbb00000 space 1024K, 100% used [0x00000000cbb00000, 0x00000000cbc00000)
AC   0  E CS TS     0 PTAMS 0x00000000cbc00000 NTAMS 0x00000000cbc00000 space 1024K, 100% used [0x00000000cbc00000, 0x00000000cbd00000)
AC   0  E CS TS     0 PTAMS 0x00000000cbd00000 NTAMS 0x00000000cbd00000 space 1024K, 100% used [0x00000000cbd00000, 0x00000000cbe00000)
AC   0  E CS TS     0 PTAMS 0x00000000cbe00000 NTAMS 0x00000000cbe00000 space 1024K, 100% used [0x00000000cbe00000, 0x00000000cbf00000)
AC   0  E CS TS     0 PTAMS 0x00000000cbf00000 NTAMS 0x00000000cbf00000 space 1024K, 100% used [0x00000000cbf00000, 0x00000000cc000000)
AC   0  E CS TS     0 PTAMS 0x00000000cc000000 NTAMS 0x00000000cc000000 space 1024K, 100% used [0x00000000cc000000, 0x00000000cc100000)
AC   0  E CS TS     0 PTAMS 0x00000000cc100000 NTAMS 0x00000000cc100000 space 1024K, 100% used [0x00000000cc100000, 0x00000000cc200000)
AC   0  E CS TS     0 PTAMS 0x00000000cc200000 NTAMS 0x00000000cc200000 space 1024K, 100% used [0x00000000cc200000, 0x00000000cc300000)
AC   0  E CS TS     0 PTAMS 0x00000000cc300000 NTAMS 0x00000000cc300000 space 1024K, 100% used [0x00000000cc300000, 0x00000000cc400000)
AC   0  E CS TS     0 PTAMS 0x00000000cc400000 NTAMS 0x00000000cc400000 space 1024K, 100% used [0x00000000cc400000, 0x00000000cc500000)
AC   0  E CS TS     0 PTAMS 0x00000000cc500000 NTAMS 0x00000000cc500000 space 1024K, 100% used [0x00000000cc500000, 0x00000000cc600000)
AC   0  E CS TS     0 PTAMS 0x00000000cc600000 NTAMS 0x00000000cc600000 space 1024K, 100% used [0x00000000cc600000, 0x00000000cc700000)
AC   0  E CS TS     0 PTAMS 0x00000000cc700000 NTAMS 0x00000000cc700000 space 1024K, 100% used [0x00000000cc700000, 0x00000000cc800000)
AC   0  E CS TS     0 PTAMS 0x00000000cc800000 NTAMS 0x00000000cc800000 space 1024K, 100% used [0x00000000cc800000, 0x00000000cc900000)
AC   0  E CS TS     0 PTAMS 0x00000000cc900000 NTAMS 0x00000000cc900000 space 1024K, 100% used [0x00000000cc900000, 0x00000000cca00000)
AC   0  E CS TS     0 PTAMS 0x00000000cca00000 NTAMS 0x00000000cca00000 space 1024K, 100% used [0x00000000cca00000, 0x00000000ccb00000)
AC   0  E CS TS     0 PTAMS 0x00000000ccb00000 NTAMS 0x00000000ccb00000 space 1024K, 100% used [0x00000000ccb00000, 0x00000000ccc00000)
AC   0  E CS TS     0 PTAMS 0x00000000ccc00000 NTAMS 0x00000000ccc00000 space 1024K, 100% used [0x00000000ccc00000, 0x00000000ccd00000)
AC   0  E CS TS     0 PTAMS 0x00000000ccd00000 NTAMS 0x00000000ccd00000 space 1024K, 100% used [0x00000000ccd00000, 0x00000000cce00000)
AC   0  E CS TS     0 PTAMS 0x00000000cce00000 NTAMS 0x00000000cce00000 space 1024K, 100% used [0x00000000cce00000, 0x00000000ccf00000)
AC   0  E CS TS     0 PTAMS 0x00000000ccf00000 NTAMS 0x00000000ccf00000 space 1024K, 100% used [0x00000000ccf00000, 0x00000000cd000000)
AC   0  E CS TS     0 PTAMS 0x00000000cd000000 NTAMS 0x00000000cd000000 space 1024K, 100% used [0x00000000cd000000, 0x00000000cd100000)
AC   0  E CS TS     0 PTAMS 0x00000000cd100000 NTAMS 0x00000000cd100000 space 1024K, 100% used [0x00000000cd100000, 0x00000000cd200000)
AC   0  E CS TS     0 PTAMS 0x00000000cd200000 NTAMS 0x00000000cd200000 space 1024K, 100% used [0x00000000cd200000, 0x00000000cd300000)
AC   0  E CS TS     0 PTAMS 0x00000000cd300000 NTAMS 0x00000000cd300000 space 1024K, 100% used [0x00000000cd300000, 0x00000000cd400000)
AC   0  E CS TS     0 PTAMS 0x00000000cd400000 NTAMS 0x00000000cd400000 space 1024K, 100% used [0x00000000cd400000, 0x00000000cd500000)
AC   0  E CS TS     0 PTAMS 0x00000000cd500000 NTAMS 0x00000000cd500000 space 1024K, 100% used [0x00000000cd500000, 0x00000000cd600000)
AC   0  E CS TS     0 PTAMS 0x00000000cd600000 NTAMS 0x00000000cd600000 space 1024K, 100% used [0x00000000cd600000, 0x00000000cd700000)
AC   0  E CS TS     0 PTAMS 0x00000000cd700000 NTAMS 0x00000000cd700000 space 1024K, 100% used [0x00000000cd700000, 0x00000000cd800000)
AC   0  E CS TS     0 PTAMS 0x00000000cd800000 NTAMS 0x00000000cd800000 space 1024K, 100% used [0x00000000cd800000, 0x00000000cd900000)
AC   0  E CS TS     0 PTAMS 0x00000000cd900000 NTAMS 0x00000000cd900000 space 1024K, 100% used [0x00000000cd900000, 0x00000000cda00000)
AC   0  E CS TS     0 PTAMS 0x00000000cda00000 NTAMS 0x00000000cda00000 space 1024K, 100% used [0x00000000cda00000, 0x00000000cdb00000)
AC   0  E CS TS     0 PTAMS 0x00000000cdb00000 NTAMS 0x00000000cdb00000 space 1024K, 100% used [0x00000000cdb00000, 0x00000000cdc00000)
AC   0  E CS TS     0 PTAMS 0x00000000cdc00000 NTAMS 0x00000000cdc00000 space 1024K, 100% used [0x00000000cdc00000, 0x00000000cdd00000)
AC   0  E CS TS     0 PTAMS 0x00000000cdd00000 NTAMS 0x00000000cdd00000 space 1024K, 100% used [0x00000000cdd00000, 0x00000000cde00000)
AC   0  E CS TS     0 PTAMS 0x00000000cde00000 NTAMS 0x00000000cde00000 space 1024K, 100% used [0x00000000cde00000, 0x00000000cdf00000)
AC   0  E CS TS     0 PTAMS 0x00000000cdf00000 NTAMS 0x00000000cdf00000 space 1024K, 100% used [0x00000000cdf00000, 0x00000000ce000000)
AC   0  E CS TS     0 PTAMS 0x00000000ce000000 NTAMS 0x00000000ce000000 space 1024K, 100% used [0x00000000ce000000, 0x00000000ce100000)
AC   0  E CS TS     0 PTAMS 0x00000000ce100000 NTAMS 0x00000000ce100000 space 1024K, 100% used [0x00000000ce100000, 0x00000000ce200000)
AC   0  E CS TS     0 PTAMS 0x00000000ce200000 NTAMS 0x00000000ce200000 space 1024K, 100% used [0x00000000ce200000, 0x00000000ce300000)
AC   0  E CS TS     0 PTAMS 0x00000000ce300000 NTAMS 0x00000000ce300000 space 1024K, 100% used [0x00000000ce300000, 0x00000000ce400000)
AC   0  E CS TS     0 PTAMS 0x00000000ce400000 NTAMS 0x00000000ce400000 space 1024K, 100% used [0x00000000ce400000, 0x00000000ce500000)
AC   0  E CS TS     0 PTAMS 0x00000000ce500000 NTAMS 0x00000000ce500000 space 1024K, 100% used [0x00000000ce500000, 0x00000000ce600000)
AC   0  E CS TS     0 PTAMS 0x00000000ce600000 NTAMS 0x00000000ce600000 space 1024K, 100% used [0x00000000ce600000, 0x00000000ce700000)
AC   0  E CS TS     0 PTAMS 0x00000000ce700000 NTAMS 0x00000000ce700000 space 1024K, 100% used [0x00000000ce700000, 0x00000000ce800000)
AC   0  E CS TS     0 PTAMS 0x00000000ce800000 NTAMS 0x00000000ce800000 space 1024K, 100% used [0x00000000ce800000, 0x00000000ce900000)
AC   0  E CS TS     0 PTAMS 0x00000000ce900000 NTAMS 0x00000000ce900000 space 1024K, 100% used [0x00000000ce900000, 0x00000000cea00000)
AC   0  E CS TS     0 PTAMS 0x00000000cea00000 NTAMS 0x00000000cea00000 space 1024K, 100% used [0x00000000cea00000, 0x00000000ceb00000)
AC   0  E CS TS     0 PTAMS 0x00000000ceb00000 NTAMS 0x00000000ceb00000 space 1024K, 100% used [0x00000000ceb00000, 0x00000000cec00000)
AC   0  E CS TS     0 PTAMS 0x00000000cec00000 NTAMS 0x00000000cec00000 space 1024K, 100% used [0x00000000cec00000, 0x00000000ced00000)
AC   0  E CS TS     0 PTAMS 0x00000000ced00000 NTAMS 0x00000000ced00000 space 1024K, 100% used [0x00000000ced00000, 0x00000000cee00000)
AC   0  E CS TS     0 PTAMS 0x00000000cee00000 NTAMS 0x00000000cee00000 space 1024K, 100% used [0x00000000cee00000, 0x00000000cef00000)
AC   0  E CS TS     0 PTAMS 0x00000000cef00000 NTAMS 0x00000000cef00000 space 1024K, 100% used [0x00000000cef00000, 0x00000000cf000000)
AC   0  E CS TS     0 PTAMS 0x00000000cf000000 NTAMS 0x00000000cf000000 space 1024K, 100% used [0x00000000cf000000, 0x00000000cf100000)
AC   0  E CS TS     0 PTAMS 0x00000000cf100000 NTAMS 0x00000000cf100000 space 1024K, 100% used [0x00000000cf100000, 0x00000000cf200000)
AC   0  E CS TS     0 PTAMS 0x00000000cf200000 NTAMS 0x00000000cf200000 space 1024K, 100% used [0x00000000cf200000, 0x00000000cf300000)
AC   0  E CS TS     0 PTAMS 0x00000000cf300000 NTAMS 0x00000000cf300000 space 1024K, 100% used [0x00000000cf300000, 0x00000000cf400000)
AC   0  E CS TS     0 PTAMS 0x00000000cf400000 NTAMS 0x00000000cf400000 space 1024K, 100% used [0x00000000cf400000, 0x00000000cf500000)
AC   0  E CS TS     0 PTAMS 0x00000000cf500000 NTAMS 0x00000000cf500000 space 1024K, 100% used [0x00000000cf500000, 0x00000000cf600000)
AC   0  E CS TS     0 PTAMS 0x00000000cf600000 NTAMS 0x00000000cf600000 space 1024K, 100% used [0x00000000cf600000, 0x00000000cf700000)
AC   0  E CS TS     0 PTAMS 0x00000000cf700000 NTAMS 0x00000000cf700000 space 1024K, 100% used [0x00000000cf700000, 0x00000000cf800000)
AC   0  E CS TS     0 PTAMS 0x00000000cf800000 NTAMS 0x00000000cf800000 space 1024K, 100% used [0x00000000cf800000, 0x00000000cf900000)
AC   0  E CS TS     0 PTAMS 0x00000000cf900000 NTAMS 0x00000000cf900000 space 1024K, 100% used [0x00000000cf900000, 0x00000000cfa00000)
AC   0  E CS TS     0 PTAMS 0x00000000cfa00000 NTAMS 0x00000000cfa00000 space 1024K, 100% used [0x00000000cfa00000, 0x00000000cfb00000)
AC   0  E CS TS     0 PTAMS 0x00000000cfb00000 NTAMS 0x00000000cfb00000 space 1024K, 100% used [0x00000000cfb00000, 0x00000000cfc00000)
AC   0  E CS TS     0 PTAMS 0x00000000cfc00000 NTAMS 0x00000000cfc00000 space 1024K, 100% used [0x00000000cfc00000, 0x00000000cfd00000)
AC   0  E CS TS     0 PTAMS 0x00000000cfd00000 NTAMS 0x00000000cfd00000 space 1024K, 100% used [0x00000000cfd00000, 0x00000000cfe00000)
AC   0  E CS TS     0 PTAMS 0x00000000cfe00000 NTAMS 0x00000000cfe00000 space 1024K, 100% used [0x00000000cfe00000, 0x00000000cff00000)
AC   0  E CS TS     0 PTAMS 0x00000000cff00000 NTAMS 0x00000000cff00000 space 1024K, 100% used [0x00000000cff00000, 0x00000000d0000000)

Card table byte_map: [0x0000000015fb0000,0x00000000161b0000] byte_map_base: 0x00000000159b0000

Marking Bits (Prev, Next): (CMBitMap*) 0x000000000479ab08, (CMBitMap*) 0x000000000479ab60
 Prev Bits: [0x00000000163b0000, 0x00000000173b0000)
 Next Bits: [0x00000000173b0000, 0x00000000183b0000)

Polling page: 0x0000000002ac0000

CodeCache: size=245760Kb used=19103Kb max_used=20029Kb free=226656Kb
 bounds [0x0000000004850000, 0x0000000005bf0000, 0x0000000013850000]
 total_blobs=5852 nmethods=5277 adapters=488
 compilation: enabled

Compilation events (10 events):
Event: 1270.227 Thread 0x000000001b667a10 nmethod 5812 0x00000000051809d0 code [0x0000000005180b20, 0x0000000005180e38]
Event: 1414.864 Thread 0x000000001b655c10 5813       4       java.util.concurrent.locks.ReentrantLock$Sync::tryRelease (45 bytes)
Event: 1414.865 Thread 0x000000001b655c10 nmethod 5813 0x0000000004ed5bd0 code [0x0000000004ed5d00, 0x0000000004ed5df8]
Event: 1511.943 Thread 0x000000001b65a9d0 5814  s!   3       org.eclipse.core.internal.jobs.WorkerPool::sleep (137 bytes)
Event: 1511.944 Thread 0x000000001b65a9d0 nmethod 5814 0x000000000544d690 code [0x000000000544d8c0, 0x000000000544e588]
Event: 1791.535 Thread 0x000000001b65a9d0 5815       3       java.util.Calendar::setTimeInMillis (84 bytes)
Event: 1791.535 Thread 0x000000001b65a9d0 nmethod 5815 0x0000000004a24e50 code [0x0000000004a24fe0, 0x0000000004a25588]
Event: 1791.538 Thread 0x000000001b667a10 5817       4       com.google.gson.stream.JsonWriter::string (169 bytes)
Event: 1791.538 Thread 0x000000001b65a9d0 5818       3       sun.nio.cs.UTF_8$Encoder::encode (359 bytes)
Event: 1791.539 Thread 0x000000001b65a9d0 nmethod 5818 0x0000000004a71b50 code [0x0000000004a71d60, 0x0000000004a72968]

GC Heap History (10 events):
Event: 1.548 GC heap before
{Heap before GC invocations=0 (full 0):
 garbage-first heap   total 262144K, used 24576K [0x00000000c0000000, 0x00000000c0100800, 0x0000000100000000)
  region size 1024K, 24 young (24576K), 0 survivors (0K)
 Metaspace       used 8669K, capacity 8906K, committed 9216K, reserved 1056768K
  class space    used 834K, capacity 899K, committed 1024K, reserved 1048576K
Event: 1.554 GC heap after
Heap after GC invocations=1 (full 0):
 garbage-first heap   total 262144K, used 5799K [0x00000000c0000000, 0x00000000c0100800, 0x0000000100000000)
  region size 1024K, 3 young (3072K), 3 survivors (3072K)
 Metaspace       used 8669K, capacity 8906K, committed 9216K, reserved 1056768K
  class space    used 834K, capacity 899K, committed 1024K, reserved 1048576K
}
Event: 1.998 GC heap before
{Heap before GC invocations=1 (full 0):
 garbage-first heap   total 262144K, used 37543K [0x00000000c0000000, 0x00000000c0100800, 0x0000000100000000)
  region size 1024K, 34 young (34816K), 3 survivors (3072K)
 Metaspace       used 19658K, capacity 20740K, committed 20992K, reserved 1069056K
  class space    used 1879K, capacity 2216K, committed 2304K, reserved 1048576K
Event: 2.008 GC heap after
Heap after GC invocations=2 (full 0):
 garbage-first heap   total 262144K, used 16916K [0x00000000c0000000, 0x00000000c0100800, 0x0000000100000000)
  region size 1024K, 5 young (5120K), 5 survivors (5120K)
 Metaspace       used 19658K, capacity 20740K, committed 20992K, reserved 1069056K
  class space    used 1879K, capacity 2216K, committed 2304K, reserved 1048576K
}
Event: 2.017 GC heap before
{Heap before GC invocations=2 (full 0):
 garbage-first heap   total 262144K, used 17940K [0x00000000c0000000, 0x00000000c0100800, 0x0000000100000000)
  region size 1024K, 7 young (7168K), 5 survivors (5120K)
 Metaspace       used 19969K, capacity 21098K, committed 21248K, reserved 1069056K
  class space    used 1913K, capacity 2249K, committed 2304K, reserved 1048576K
Event: 2.020 GC heap after
Heap after GC invocations=3 (full 0):
 garbage-first heap   total 262144K, used 16495K [0x00000000c0000000, 0x00000000c0100800, 0x0000000100000000)
  region size 1024K, 5 young (5120K), 5 survivors (5120K)
 Metaspace       used 19969K, capacity 21098K, committed 21248K, reserved 1069056K
  class space    used 1913K, capacity 2249K, committed 2304K, reserved 1048576K
}
Event: 3.152 GC heap before
{Heap before GC invocations=4 (full 0):
 garbage-first heap   total 262144K, used 130651K [0x00000000c0000000, 0x00000000c0100800, 0x0000000100000000)
  region size 1024K, 123 young (125952K), 5 survivors (5120K)
 Metaspace       used 33351K, capacity 35650K, committed 35840K, reserved 1081344K
  class space    used 3511K, capacity 4200K, committed 4224K, reserved 1048576K
Event: 3.171 GC heap after
Heap after GC invocations=5 (full 0):
 garbage-first heap   total 262144K, used 35014K [0x00000000c0000000, 0x00000000c0100800, 0x0000000100000000)
  region size 1024K, 20 young (20480K), 20 survivors (20480K)
 Metaspace       used 33351K, capacity 35650K, committed 35840K, reserved 1081344K
  class space    used 3511K, capacity 4200K, committed 4224K, reserved 1048576K
}
Event: 4.416 GC heap before
{Heap before GC invocations=6 (full 0):
 garbage-first heap   total 262144K, used 171718K [0x00000000c0000000, 0x00000000c0100800, 0x0000000100000000)
  region size 1024K, 153 young (156672K), 20 survivors (20480K)
 Metaspace       used 43955K, capacity 46554K, committed 46848K, reserved 1091584K
  class space    used 4533K, capacity 5325K, committed 5376K, reserved 1048576K
Event: 4.434 GC heap after
Heap after GC invocations=7 (full 0):
 garbage-first heap   total 262144K, used 45568K [0x00000000c0000000, 0x00000000c0100800, 0x0000000100000000)
  region size 1024K, 20 young (20480K), 20 survivors (20480K)
 Metaspace       used 43955K, capacity 46554K, committed 46848K, reserved 1091584K
  class space    used 4533K, capacity 5325K, committed 5376K, reserved 1048576K
}

Deoptimization events (10 events):
Event: 725.780 Thread 0x000000002237f830 Uncommon trap: reason=class_check action=maybe_recompile pc=0x00000000049df5dc method=org.eclipse.jdt.internal.compiler.parser.Scanner.getNextToken()I @ 47
Event: 725.780 Thread 0x000000002237f830 Uncommon trap: reason=class_check action=maybe_recompile pc=0x00000000049df5dc method=org.eclipse.jdt.internal.compiler.parser.Scanner.getNextToken()I @ 47
Event: 725.780 Thread 0x000000002237f830 Uncommon trap: reason=class_check action=maybe_recompile pc=0x0000000005936690 method=org.eclipse.jdt.internal.compiler.parser.Scanner.getNextToken0()I @ 3445
Event: 725.780 Thread 0x000000002237f830 Uncommon trap: reason=class_check action=maybe_recompile pc=0x0000000005947438 method=org.eclipse.jdt.internal.compiler.parser.Parser.pushIdentifier()V @ 5
Event: 725.780 Thread 0x000000002237f830 Uncommon trap: reason=class_check action=maybe_recompile pc=0x0000000005936690 method=org.eclipse.jdt.internal.compiler.parser.Scanner.getNextToken0()I @ 3445
Event: 725.780 Thread 0x000000002237f830 Uncommon trap: reason=class_check action=maybe_recompile pc=0x0000000005947438 method=org.eclipse.jdt.internal.compiler.parser.Parser.pushIdentifier()V @ 5
Event: 725.780 Thread 0x000000002237f830 Uncommon trap: reason=class_check action=maybe_recompile pc=0x0000000005947438 method=org.eclipse.jdt.internal.compiler.parser.Parser.pushIdentifier()V @ 5
Event: 725.781 Thread 0x000000002237f830 Uncommon trap: reason=bimorphic action=maybe_recompile pc=0x0000000005bbf534 method=org.eclipse.jdt.internal.compiler.parser.Parser.parse()V @ 300
Event: 725.784 Thread 0x000000002237f830 Uncommon trap: reason=bimorphic action=maybe_recompile pc=0x0000000004f111f8 method=org.eclipse.jdt.internal.compiler.parser.Parser.parse()V @ 430
Event: 1791.538 Thread 0x000000001e79cae0 Uncommon trap: reason=unstable_if action=reinterpret pc=0x0000000004bb1004 method=sun.nio.cs.UTF_8$Encoder.encode([CII[B)I @ 33

Classes redefined (0 events):
No events

Internal exceptions (10 events):
Event: 711.936 Thread 0x000000001e30fda0 Exception <a 'java/lang/ArrayIndexOutOfBoundsException'> (0x00000000cd864960) thrown at [C:\cygwin64\tmp\ojdkbuild\lookaside\java-1.8.0-openjdk\hotspot\src\share\vm\runtime\sharedRuntime.cpp, line 619]
Event: 711.939 Thread 0x000000001e30fda0 Exception <a 'java/lang/ArrayIndexOutOfBoundsException'> (0x00000000cd8b8b20) thrown at [C:\cygwin64\tmp\ojdkbuild\lookaside\java-1.8.0-openjdk\hotspot\src\share\vm\runtime\sharedRuntime.cpp, line 619]
Event: 711.942 Thread 0x000000001e30fda0 Exception <a 'java/lang/ArrayIndexOutOfBoundsException'> (0x00000000cd8c99f8) thrown at [C:\cygwin64\tmp\ojdkbuild\lookaside\java-1.8.0-openjdk\hotspot\src\share\vm\runtime\sharedRuntime.cpp, line 619]
Event: 711.948 Thread 0x000000001e30fda0 Exception <a 'java/lang/ArrayIndexOutOfBoundsException'> (0x00000000cd72a578) thrown at [C:\cygwin64\tmp\ojdkbuild\lookaside\java-1.8.0-openjdk\hotspot\src\share\vm\runtime\sharedRuntime.cpp, line 619]
Event: 711.963 Thread 0x000000001e30fda0 Exception <a 'java/lang/ArrayIndexOutOfBoundsException'> (0x00000000cd7df848) thrown at [C:\cygwin64\tmp\ojdkbuild\lookaside\java-1.8.0-openjdk\hotspot\src\share\vm\runtime\sharedRuntime.cpp, line 619]
Event: 711.967 Thread 0x000000001e30fda0 Exception <a 'java/lang/ArrayIndexOutOfBoundsException'> (0x00000000cd627c18) thrown at [C:\cygwin64\tmp\ojdkbuild\lookaside\java-1.8.0-openjdk\hotspot\src\share\vm\runtime\sharedRuntime.cpp, line 619]
Event: 711.973 Thread 0x000000001e30fda0 Exception <a 'java/lang/ArrayIndexOutOfBoundsException'> (0x00000000cd681be0) thrown at [C:\cygwin64\tmp\ojdkbuild\lookaside\java-1.8.0-openjdk\hotspot\src\share\vm\runtime\sharedRuntime.cpp, line 619]
Event: 711.975 Thread 0x000000001e30fda0 Exception <a 'java/lang/ArrayIndexOutOfBoundsException'> (0x00000000cd6c3438) thrown at [C:\cygwin64\tmp\ojdkbuild\lookaside\java-1.8.0-openjdk\hotspot\src\share\vm\runtime\sharedRuntime.cpp, line 619]
Event: 725.781 Thread 0x000000002237f830 Exception <a 'java/lang/ArrayIndexOutOfBoundsException': 2439> (0x00000000cb8c1668) thrown at [C:\cygwin64\tmp\ojdkbuild\lookaside\java-1.8.0-openjdk\hotspot\src\share\vm\interpreter\interpreterRuntime.cpp, line 369]
Event: 1791.534 Thread 0x000000001e79cae0 Exception <a 'java/io/IOException': CreateProcess error=1455, El archivo de paginacin es demasiado pequeo para completar la operacin> (0x00000000caeb3820) thrown at [C:\cygwin64\tmp\ojdkbuild\lookaside\java-1.8.0-openjdk\hotspot\src\share\vm\prims\j

Events (10 events):
Event: 1129.605 Thread 0x000000002237d160 Thread exited: 0x000000002237d160
Event: 1791.535 loading class java/lang/Throwable$WrappedPrintWriter
Event: 1791.535 loading class java/lang/Throwable$PrintStreamOrWriter
Event: 1791.535 loading class java/lang/Throwable$PrintStreamOrWriter done
Event: 1791.535 loading class java/lang/Throwable$WrappedPrintWriter done
Event: 1791.535 loading class java/lang/reflect/InvocationTargetException
Event: 1791.536 loading class java/lang/reflect/InvocationTargetException done
Event: 1791.538 Thread 0x000000001e79cae0 Uncommon trap: trap_request=0xffffff65 fr.pc=0x0000000004bb1004
Event: 1791.538 Thread 0x000000001e79cae0 DEOPT PACKING pc=0x0000000004bb1004 sp=0x000000002064e100
Event: 1791.538 Thread 0x000000001e79cae0 DEOPT UNPACKING pc=0x000000000489556a sp=0x000000002064e070 mode 2


Dynamic libraries:
0x00007ff6b3ee0000 - 0x00007ff6b3f65000 	D:\Program Files\java\java-1.8.0-openjdk-1.8.0.161-1\bin\java.exe
0x00007fff088f0000 - 0x00007fff08ad0000 	C:\Windows\SYSTEM32\ntdll.dll
0x00007fff05eb0000 - 0x00007fff05f5e000 	C:\Windows\System32\KERNEL32.DLL
0x00007fff057e0000 - 0x00007fff05a46000 	C:\Windows\System32\KERNELBASE.dll
0x00007fff07b90000 - 0x00007fff07c31000 	C:\Windows\System32\ADVAPI32.dll
0x00007fff08320000 - 0x00007fff083bd000 	C:\Windows\System32\msvcrt.dll
0x00007fff07b30000 - 0x00007fff07b8b000 	C:\Windows\System32\sechost.dll
0x00007fff087a0000 - 0x00007fff088bf000 	C:\Windows\System32\RPCRT4.dll
0x00007fff08090000 - 0x00007fff0821f000 	C:\Windows\System32\USER32.dll
0x00007fff057c0000 - 0x00007fff057e0000 	C:\Windows\System32\win32u.dll
0x00007fff07b00000 - 0x00007fff07b28000 	C:\Windows\System32\GDI32.dll
0x00007fff05ba0000 - 0x00007fff05d33000 	C:\Windows\System32\gdi32full.dll
0x00007fff05b00000 - 0x00007fff05b9b000 	C:\Windows\System32\msvcp_win.dll
0x00007fff04d50000 - 0x00007fff04e46000 	C:\Windows\System32\ucrtbase.dll
0x00007ffeffdb0000 - 0x00007ffeffdca000 	D:\Program Files\java\java-1.8.0-openjdk-1.8.0.161-1\bin\ojdkbuild_zlib.dll
0x00007ffefa4b0000 - 0x00007ffefa719000 	C:\Windows\WinSxS\amd64_microsoft.windows.common-controls_6595b64144ccf1df_6.0.16299.371_none_15c7d1789365a290\COMCTL32.dll
0x00007fff08490000 - 0x00007fff08798000 	C:\Windows\System32\combase.dll
0x00007fff05d40000 - 0x00007fff05db2000 	C:\Windows\System32\bcryptPrimitives.dll
0x00007fff05dc0000 - 0x00007fff05ded000 	C:\Windows\System32\IMM32.DLL
0x00000000679c0000 - 0x0000000067a92000 	D:\Program Files\java\java-1.8.0-openjdk-1.8.0.161-1\jre\bin\msvcr100.dll
0x00000000670f0000 - 0x00000000679b2000 	D:\Program Files\java\java-1.8.0-openjdk-1.8.0.161-1\jre\bin\server\jvm.dll
0x00007fff075a0000 - 0x00007fff075a8000 	C:\Windows\System32\PSAPI.DLL
0x00007fff00930000 - 0x00007fff00939000 	C:\Windows\SYSTEM32\WSOCK32.dll
0x00007ffefb420000 - 0x00007ffefb443000 	C:\Windows\SYSTEM32\WINMM.dll
0x00007fff07750000 - 0x00007fff077bc000 	C:\Windows\System32\WS2_32.dll
0x00007ffeffbe0000 - 0x00007ffeffbea000 	C:\Windows\SYSTEM32\VERSION.dll
0x00007ffef9ae0000 - 0x00007ffef9b0a000 	C:\Windows\SYSTEM32\winmmbase.dll
0x00007fff04e50000 - 0x00007fff04e9a000 	C:\Windows\System32\cfgmgr32.dll
0x00007ffeff5a0000 - 0x00007ffeff5af000 	D:\Program Files\java\java-1.8.0-openjdk-1.8.0.161-1\jre\bin\verify.dll
0x00007ffefeca0000 - 0x00007ffefecc9000 	D:\Program Files\java\java-1.8.0-openjdk-1.8.0.161-1\jre\bin\java.dll
0x00007ffeff540000 - 0x00007ffeff54b000 	D:\Program Files\java\java-1.8.0-openjdk-1.8.0.161-1\jre\bin\zip.dll
0x00007fff05fc0000 - 0x00007fff073f6000 	C:\Windows\System32\SHELL32.dll
0x00007fff05e00000 - 0x00007fff05ea6000 	C:\Windows\System32\shcore.dll
0x00007fff04ea0000 - 0x00007fff055e7000 	C:\Windows\System32\windows.storage.dll
0x00007fff075e0000 - 0x00007fff07631000 	C:\Windows\System32\shlwapi.dll
0x00007fff04c90000 - 0x00007fff04ca1000 	C:\Windows\System32\kernel.appcore.dll
0x00007fff04c40000 - 0x00007fff04c8c000 	C:\Windows\System32\powrprof.dll
0x00007fff04cb0000 - 0x00007fff04ccb000 	C:\Windows\System32\profapi.dll
0x00007fff04690000 - 0x00007fff046a7000 	C:\Windows\SYSTEM32\CRYPTSP.dll
0x00007fff040d0000 - 0x00007fff04103000 	C:\Windows\system32\rsaenh.dll
0x00007fff047a0000 - 0x00007fff047c5000 	C:\Windows\SYSTEM32\bcrypt.dll
0x00007fff04b40000 - 0x00007fff04b69000 	C:\Windows\SYSTEM32\USERENV.dll
0x00007fff046b0000 - 0x00007fff046bb000 	C:\Windows\SYSTEM32\CRYPTBASE.dll
0x00007ffefea20000 - 0x00007ffefea3a000 	D:\Program Files\java\java-1.8.0-openjdk-1.8.0.161-1\jre\bin\net.dll
0x00007fff044d0000 - 0x00007fff04536000 	C:\Windows\system32\mswsock.dll
0x00007fff04260000 - 0x00007fff04299000 	C:\Windows\SYSTEM32\IPHLPAPI.DLL
0x00007fff075d0000 - 0x00007fff075d8000 	C:\Windows\System32\NSI.dll
0x00007fff01270000 - 0x00007fff01286000 	C:\Windows\SYSTEM32\dhcpcsvc6.DLL
0x00007fff011a0000 - 0x00007fff011ba000 	C:\Windows\SYSTEM32\dhcpcsvc.DLL
0x00007ffefcc40000 - 0x00007ffefcc51000 	D:\Program Files\java\java-1.8.0-openjdk-1.8.0.161-1\jre\bin\nio.dll
0x00007ffefcbe0000 - 0x00007ffefcc09000 	C:\Users\juana\.vscode\extensions\redhat.java-0.22.0\server\config_win\org.eclipse.equinox.launcher\org.eclipse.equinox.launcher.win32.win32.x86_64_1.1.700.v20180323-1026\eclipse_1704.dll
0x00007ffefcb70000 - 0x00007ffefcb81000 	C:\Users\juana\.vscode\extensions\redhat.java-0.22.0\server\config_win\org.eclipse.osgi\23\0\.cp\jWinHttp-1.0.0.dll
0x00007fff079b0000 - 0x00007fff07af9000 	C:\Windows\System32\ole32.dll
0x00007fff014d0000 - 0x00007fff015ae000 	C:\Windows\SYSTEM32\WINHTTP.dll

VM Arguments:
jvm_args: -Declipse.application=org.eclipse.jdt.ls.core.id1 -Dosgi.bundles.defaultStartLevel=4 -Declipse.product=org.eclipse.jdt.ls.core.product -Xverify:none -Xmx1G -XX:+UseG1GC -XX:+UseStringDeduplication 
java_command: C:\Users\juana\.vscode\extensions\redhat.java-0.22.0\server\plugins\org.eclipse.equinox.launcher_1.5.0.v20180207-1446.jar -configuration C:\Users\juana\.vscode\extensions\redhat.java-0.22.0\server\config_win -data C:\Users\juana\AppData\Roaming\Code\User\workspaceStorage\d142710bd66686bbe394145b41c1d315\redhat.java\jdt_ws
java_class_path (initial): C:\Users\juana\.vscode\extensions\redhat.java-0.22.0\server\plugins\org.eclipse.equinox.launcher_1.5.0.v20180207-1446.jar
Launcher Type: SUN_STANDARD

Environment Variables:
PATH=C:\Windows\system32;C:\Windows;C:\Windows\System32\Wbem;C:\Windows\System32\WindowsPowerShell\v1.0\;C:\Program Files (x86)\NVIDIA Corporation\PhysX\Common;D:\Program Files\java\java-1.8.0-openjdk-1.8.0.161-1\bin;C:\Program Files\MySQL\MySQL Utilities 1.6\;D:\Program Files\apache-maven-3.5.3\bin;D:\Program Files\Git\cmd;C:\Users\juana\AppData\Local\Microsoft\WindowsApps;D:\Microsoft VS Code\bin
USERNAME=Juanan
OS=Windows_NT
PROCESSOR_IDENTIFIER=AMD64 Family 23 Model 1 Stepping 1, AuthenticAMD



---------------  S Y S T E M  ---------------

OS: Windows 10.0 , 64 bit Build 16299 (10.0.16299.15)

CPU:total 12 (initial active 12) (12 cores per cpu, 1 threads per core) family 23 model 1 stepping 1, cmov, cx8, fxsr, mmx, sse, sse2, sse3, ssse3, sse4.1, sse4.2, popcnt, avx, avx2, aes, clmul, mmxext, 3dnowpref, lzcnt, sse4a, tsc, tscinvbit, tscinv, bmi1

Memory: 4k page, physical 16728224k(6344008k free), swap 21684932k(5164k free)

vm_info: OpenJDK 64-Bit Server VM (25.161-b14) for windows-amd64 JRE (1.8.0_161-1-redhat-b14), built on Jan 18 2018 06:23:49 by "build" with MS VC++ 10.0 (VS2010)

time: Wed Apr 11 22:47:25 2018
elapsed time: 1791 seconds (0d 0h 29m 51s)

